Warning message:
no DISPLAY variable so Tk is not available 
<request>
Options:
* ssl_verifypeer: FALSE
Haciendo login...
Login Exitoso!
Activando brote de rastreo...
Brote activado!
Descargando casos creados desde el 12-05-2021 al 26-05-2021...
Casos descargados!
Descargando casos creados desde el 27-05-2021 al 10-06-2021...
Casos descargados!
Descargando casos creados desde el 11-06-2021 al 25-06-2021...
Casos descargados!
Descargando casos creados desde el 26-06-2021 al 10-07-2021...
Casos descargados!
Descargando casos creados desde el 11-07-2021 al 25-07-2021...
Casos descargados!
Descargando casos creados desde el 26-07-2021 al 09-08-2021...
Casos descargados!
Descargando casos creados desde el 10-08-2021 al 24-08-2021...
Casos descargados!
Descargando casos creados desde el 25-08-2021 al 08-09-2021...
Casos descargados!
Descargando casos creados desde el 09-09-2021 al 23-09-2021...
Casos descargados!
Descargando casos creados desde el 24-09-2021 al 28-09-2021...
Casos descargados!

── Column specification ────────────────────────────────────────────────────────
cols(
  .default = col_character(),
  `Fecha de notificación` = col_date(format = ""),
  Edad = col_double(),
  `Fue Un Contacto` = col_logical(),
  `Fecha De Convertirse En Caso` = col_date(format = ""),
  `Fecha de condición` = col_date(format = ""),
  `Creado En` = col_date(format = ""),
  `Resultado de la muestra.` = col_double(),
  `¿Se tomó una muestra respiratoria?` = col_double(),
  hospitalizado = col_double()
)
ℹ Use `spec()` for the full column specifications.


── Column specification ────────────────────────────────────────────────────────
cols(
  .default = col_double(),
  `Carné De Identidad` = col_character(),
  `Creado En` = col_date(format = ""),
  `Creado Por` = col_character(),
  Clasificación = col_character(),
  Teléfono = col_character(),
  `Estado De Embarazo` = col_character(),
  fecha_es = col_character(),
  `Estado de seguimiento` = col_character(),
  fecha_segunda_dosis = col_logical(),
  fecha_s16 = col_date(format = ""),
  comorbilidades = col_character(),
  fecha_s1 = col_date(format = ""),
  fecha_s2 = col_date(format = ""),
  fecha_s3 = col_date(format = ""),
  fecha_s4 = col_date(format = ""),
  fecha_s5 = col_date(format = ""),
  fecha_s6 = col_date(format = ""),
  fecha_s7 = col_date(format = ""),
  fecha_s8 = col_date(format = ""),
  fecha_s9 = col_date(format = "")
  # ... with 13 more columns
)
ℹ Use `spec()` for the full column specifications.

Uniendo bases de datos nueva con base de datos anterior
Exito!
Descargando contactos...
Contactos descargados!
Descargando seguimientos de contactos...
Seguimientos descargados!
Guardando bases de datos...
Bases de datos guardadas!
Actualizando tablero...
Preparing to deploy application...DONE
Uploading bundle for application: 2687626...DONE
Deploying bundle: 5079368 for application: 2687626 ...
Waiting for task: 1018758057
  building: Parsing manifest
  building: Building image: 5836681
  building: Installing system dependencies
################################ Begin Task Log ################################ 
[2021-09-28T06:25:07.171461165+0000] Execute script: packages/build/units.sh
+ set -e
+ apt-get update -qq
+ apt-get install -y libudunits2-dev
Reading package lists...
Building dependency tree...
Reading state information...
The following additional packages will be installed:
  libudunits2-0 libudunits2-data
The following NEW packages will be installed:
  libudunits2-0 libudunits2-data libudunits2-dev
0 upgraded, 3 newly installed, 0 to remove and 64 not upgraded.
Need to get 429 kB of archives.
After this operation, 1026 kB of additional disk space will be used.
Err:1 http://us-east-1.ec2.archive.ubuntu.com/ubuntu focal/universe amd64 libudunits2-data all 2.2.26-5
  503  Service Unavailable [IP: 54.165.17.230 80]
Err:2 http://us-east-1.ec2.archive.ubuntu.com/ubuntu focal/universe amd64 libudunits2-0 amd64 2.2.26-5
  503  Service Unavailable [IP: 54.165.17.230 80]
Err:3 http://us-east-1.ec2.archive.ubuntu.com/ubuntu focal/universe amd64 libudunits2-dev amd64 2.2.26-5
  503  Service Unavailable [IP: 54.165.17.230 80]
E: Failed to fetch http://us-east-1.ec2.archive.ubuntu.com/ubuntu/pool/universe/u/udunits/libudunits2-data_2.2.26-5_all.deb  503  Service Unavailable [IP: 54.165.17.230 80]
E: Failed to fetch http://us-east-1.ec2.archive.ubuntu.com/ubuntu/pool/universe/u/udunits/libudunits2-0_2.2.26-5_amd64.deb  503  Service Unavailable [IP: 54.165.17.230 80]
E: Failed to fetch http://us-east-1.ec2.archive.ubuntu.com/ubuntu/pool/universe/u/udunits/libudunits2-dev_2.2.26-5_amd64.deb  503  Service Unavailable [IP: 54.165.17.230 80]
E: Unable to fetch some archives, maybe run apt-get update or try with --fix-missing?
################################# End Task Log ################################# 
Error: Unhandled Exception: Child Task 1018758061 failed: Error building image: Build exited with non-zero status: 100
Ejecución interrumpida
