Warning message:
no DISPLAY variable so Tk is not available 
<request>
Options:
* ssl_verifypeer: FALSE
Haciendo login...
Login Exitoso!
Activando brote de rastreo...
Brote activado!
Descargando casos creados desde el 12-05-2021 al 26-05-2021...
Casos descargados!
Descargando casos creados desde el 27-05-2021 al 10-06-2021...
Casos descargados!
Descargando casos creados desde el 11-06-2021 al 25-06-2021...
Casos descargados!
Descargando casos creados desde el 26-06-2021 al 10-07-2021...
Casos descargados!
Descargando casos creados desde el 11-07-2021 al 25-07-2021...
Casos descargados!
Descargando casos creados desde el 26-07-2021 al 09-08-2021...
Casos descargados!
Descargando casos creados desde el 10-08-2021 al 24-08-2021...
Error in curl::curl_fetch_memory(url, handle = handle) : 
  Timeout was reached: [godataguatemala.mspas.gob.gt] Operation timed out after 10000 milliseconds with 0 out of 0 bytes received
Calls: GET ... request_fetch -> request_fetch.write_memory -> <Anonymous>
Ejecución interrumpida
