Warning message:
no DISPLAY variable so Tk is not available 
<request>
Options:
* ssl_verifypeer: FALSE
Haciendo login...
Login Exitoso!
Activando brote de rastreo...
Brote activado!
Descargando casos creados desde el 12-05-2021 al 26-05-2021...
Casos descargados!
Descargando casos creados desde el 27-05-2021 al 10-06-2021...
Casos descargados!
Descargando casos creados desde el 11-06-2021 al 25-06-2021...
Casos descargados!
Descargando casos creados desde el 26-06-2021 al 10-07-2021...
Casos descargados!
Descargando casos creados desde el 11-07-2021 al 25-07-2021...
Casos descargados!
Descargando casos creados desde el 26-07-2021 al 09-08-2021...
Casos descargados!
Descargando casos creados desde el 10-08-2021 al 24-08-2021...
Casos descargados!
Descargando casos creados desde el 25-08-2021 al 08-09-2021...
Casos descargados!
Descargando casos creados desde el 09-09-2021 al 23-09-2021...
Casos descargados!
Descargando casos creados desde el 24-09-2021 al 08-10-2021...
Casos descargados!
Descargando casos creados desde el 09-10-2021 al 23-10-2021...
Casos descargados!
Descargando casos creados desde el 24-10-2021 al 05-11-2021...
Casos descargados!

── Column specification ────────────────────────────────────────────────────────
cols(
  .default = col_character(),
  `Fecha de notificación` = col_date(format = ""),
  Edad = col_double(),
  `Fue Un Contacto` = col_logical(),
  `Fecha De Convertirse En Caso` = col_date(format = ""),
  `Fecha de condición` = col_date(format = ""),
  `Creado En` = col_date(format = ""),
  `Resultado de la muestra.` = col_double(),
  `¿Se tomó una muestra respiratoria?` = col_double(),
  hospitalizado = col_double()
)
ℹ Use `spec()` for the full column specifications.


── Column specification ────────────────────────────────────────────────────────
cols(
  .default = col_double(),
  `Carné De Identidad` = col_character(),
  `Creado En` = col_date(format = ""),
  `Creado Por` = col_character(),
  Clasificación = col_character(),
  Teléfono = col_character(),
  `Estado De Embarazo` = col_character(),
  fecha_es = col_character(),
  `Estado de seguimiento` = col_character(),
  fecha_segunda_dosis = col_logical(),
  fecha_s16 = col_date(format = ""),
  comorbilidades = col_character(),
  fecha_s1 = col_date(format = ""),
  fecha_s2 = col_date(format = ""),
  fecha_s3 = col_date(format = ""),
  fecha_s4 = col_date(format = ""),
  fecha_s5 = col_date(format = ""),
  fecha_s6 = col_date(format = ""),
  fecha_s7 = col_date(format = ""),
  fecha_s8 = col_date(format = ""),
  fecha_s9 = col_date(format = "")
  # ... with 13 more columns
)
ℹ Use `spec()` for the full column specifications.

Uniendo bases de datos nueva con base de datos anterior
Exito!
Descargando contactos...
Contactos descargados!
Descargando seguimientos de contactos...
Seguimientos descargados!
Guardando bases de datos...
Bases de datos guardadas!
Actualizando tablero...
Preparing to deploy application...DONE
Uploading bundle for application: 2687626...DONE
Deploying bundle: 5215929 for application: 2687626 ...
Waiting for task: 1044154500
  building: Parsing manifest
  building: Building image: 6027902
  building: Installing system dependencies
  building: Fetching packages
  building: Installing packages
  building: Installing files
  building: Pushing image: 6027902
  deploying: Starting instances
  rollforward: Activating new instances
  unstaging: Stopping old instances
Application successfully deployed to https://gtmvigilanciacovid.shinyapps.io/DashboardRastreo/
