Warning message:
no DISPLAY variable so Tk is not available 
<request>
Options:
* ssl_verifypeer: FALSE
Haciendo login...
Login Exitoso!
Activando brote de rastreo...
Brote activado!
Descargando casos creados desde el 12-05-2021 al 26-05-2021...
Error: Can't subset columns that don't exist.
✖ Column `Fecha de notificación` doesn't exist.
Backtrace:
     █
  1. ├─`%>%`(...)
  2. ├─dplyr::rename(...)
  3. ├─dplyr::mutate(...)
  4. ├─dplyr::select(...)
  5. └─dplyr:::select.data.frame(...)
  6.   └─tidyselect::eval_select(expr(c(...)), .data)
  7.     └─tidyselect:::eval_select_impl(...)
  8.       ├─tidyselect:::with_subscript_errors(...)
  9.       │ ├─base::tryCatch(...)
 10.       │ │ └─base:::tryCatchList(expr, classes, parentenv, handlers)
 11.       │ │   └─base:::tryCatchOne(expr, names, parentenv, handlers[[1L]])
 12.       │ │     └─base:::doTryCatch(return(expr), name, parentenv, handler)
 13.       │ └─tidyselect:::instrument_base_errors(expr)
 14.       │   └─base::withCallingHandlers(...)
 15.       └─tidyselect:::vars_select_eval(...)
 16.         └─tidyselect:::walk_data_tree(expr, data_mask, context_mask)
 17.           └─tidyselect:::eval_c(expr, data_mask, context_mask)
 18.             └─tidyselect:::reduce_sels(node, data_mask, context_mask, init = init)
 19.               └─tidyselect:::walk_data_tree(new, data_mask, context_mask)
 20.                 └─tidyselect:::as_indices_sel_impl(...)
 21.                   └─tidyselect:::as_indices_impl(x, vars, strict = strict)
 22.                     └─tidyselect:::chr_as_locations(x, vars)
 23.                       └─vctrs::vec_as_location(x, n = length(vars), names = vars)
 24.                         └─(function () ...
 25.                           └─vctrs:::stop_subscript_oob(...)
 26.                             └─vctrs:::stop_subscript(...)
Ejecución interrumpida
